<?xml version="1.0" encoding="UTF-8"?>
<testng-results ignored="0" total="6" passed="6" failed="0" skipped="0">
  <reporter-output>
  </reporter-output>
  <suite started-at="2026-06-08T14:27:16 IST" name="Suite" finished-at="2026-06-08T14:28:30 IST" duration-ms="73556">
    <groups>
      <group name="regressionTest">
        <method signature="CreateContactTest.createContactWithOrgTest()[pri:0, instance:com.comcast.crm.contacttest.CreateContactTest@489115ef]" name="createContactWithOrgTest" class="com.comcast.crm.contacttest.CreateContactTest"/>
        <method signature="CreateContactTest.createContactWithsupportDateTest()[pri:0, instance:com.comcast.crm.contacttest.CreateContactTest@489115ef]" name="createContactWithsupportDateTest" class="com.comcast.crm.contacttest.CreateContactTest"/>
        <method signature="CreateOrganizationTest.createOrgWithIndustries()[pri:0, instance:com.comcast.crm.orgtest.CreateOrganizationTest@79079097]" name="createOrgWithIndustries" class="com.comcast.crm.orgtest.CreateOrganizationTest"/>
        <method signature="CreateOrganizationTest.createOrgWithPhone()[pri:0, instance:com.comcast.crm.orgtest.CreateOrganizationTest@79079097]" name="createOrgWithPhone" class="com.comcast.crm.orgtest.CreateOrganizationTest"/>
      </group> <!-- regressionTest -->
      <group name="smokeTest">
        <method signature="CreateContactTest.createContactTest()[pri:0, instance:com.comcast.crm.contacttest.CreateContactTest@489115ef]" name="createContactTest" class="com.comcast.crm.contacttest.CreateContactTest"/>
        <method signature="CreateOrganizationTest.createOrg()[pri:0, instance:com.comcast.crm.orgtest.CreateOrganizationTest@79079097]" name="createOrg" class="com.comcast.crm.orgtest.CreateOrganizationTest"/>
      </group> <!-- smokeTest -->
    </groups>
    <test started-at="2026-06-08T14:27:16 IST" name="Test" finished-at="2026-06-08T14:28:30 IST" duration-ms="73556">
      <class name="com.comcast.crm.orgtest.CreateOrganizationTest">
        <test-method is-config="true" signature="configBC(java.lang.String)[pri:0, instance:com.comcast.crm.orgtest.CreateOrganizationTest@79079097]" started-at="2026-06-08T14:27:58 IST" name="configBC" finished-at="2026-06-08T14:27:59 IST" duration-ms="1419" status="PASS">
          <params>
            <param index="0">
              <value>
                <![CDATA[chrome]]>
              </value>
            </param>
          </params>
          <reporter-output>
          </reporter-output>
        </test-method> <!-- configBC -->
        <test-method is-config="true" signature="configBM()[pri:0, instance:com.comcast.crm.orgtest.CreateOrganizationTest@79079097]" started-at="2026-06-08T14:27:59 IST" name="configBM" finished-at="2026-06-08T14:28:06 IST" duration-ms="6919" status="PASS">
          <reporter-output>
          </reporter-output>
        </test-method> <!-- configBM -->
        <test-method signature="createOrg()[pri:0, instance:com.comcast.crm.orgtest.CreateOrganizationTest@79079097]" started-at="2026-06-08T14:28:06 IST" name="createOrg" finished-at="2026-06-08T14:28:14 IST" duration-ms="7510" status="PASS">
          <reporter-output>
          </reporter-output>
        </test-method> <!-- createOrg -->
        <test-method is-config="true" signature="config()[pri:0, instance:com.comcast.crm.orgtest.CreateOrganizationTest@79079097]" started-at="2026-06-08T14:28:14 IST" name="config" finished-at="2026-06-08T14:28:14 IST" duration-ms="744" status="PASS">
          <reporter-output>
          </reporter-output>
        </test-method> <!-- config -->
        <test-method is-config="true" signature="configBM()[pri:0, instance:com.comcast.crm.orgtest.CreateOrganizationTest@79079097]" started-at="2026-06-08T14:28:14 IST" name="configBM" finished-at="2026-06-08T14:28:16 IST" duration-ms="1390" status="PASS">
          <reporter-output>
          </reporter-output>
        </test-method> <!-- configBM -->
        <test-method signature="createOrgWithIndustries()[pri:0, instance:com.comcast.crm.orgtest.CreateOrganizationTest@79079097]" started-at="2026-06-08T14:28:16 IST" name="createOrgWithIndustries" finished-at="2026-06-08T14:28:20 IST" duration-ms="3995" status="PASS">
          <reporter-output>
          </reporter-output>
        </test-method> <!-- createOrgWithIndustries -->
        <test-method is-config="true" signature="config()[pri:0, instance:com.comcast.crm.orgtest.CreateOrganizationTest@79079097]" started-at="2026-06-08T14:28:20 IST" name="config" finished-at="2026-06-08T14:28:21 IST" duration-ms="946" status="PASS">
          <reporter-output>
          </reporter-output>
        </test-method> <!-- config -->
        <test-method is-config="true" signature="configBM()[pri:0, instance:com.comcast.crm.orgtest.CreateOrganizationTest@79079097]" started-at="2026-06-08T14:28:21 IST" name="configBM" finished-at="2026-06-08T14:28:23 IST" duration-ms="1822" status="PASS">
          <reporter-output>
          </reporter-output>
        </test-method> <!-- configBM -->
        <test-method signature="createOrgWithPhone()[pri:0, instance:com.comcast.crm.orgtest.CreateOrganizationTest@79079097]" started-at="2026-06-08T14:28:23 IST" name="createOrgWithPhone" finished-at="2026-06-08T14:28:28 IST" duration-ms="5002" status="PASS">
          <reporter-output>
          </reporter-output>
        </test-method> <!-- createOrgWithPhone -->
        <test-method is-config="true" signature="config()[pri:0, instance:com.comcast.crm.orgtest.CreateOrganizationTest@79079097]" started-at="2026-06-08T14:28:28 IST" name="config" finished-at="2026-06-08T14:28:29 IST" duration-ms="1475" status="PASS">
          <reporter-output>
          </reporter-output>
        </test-method> <!-- config -->
        <test-method is-config="true" signature="configAC()[pri:0, instance:com.comcast.crm.orgtest.CreateOrganizationTest@79079097]" started-at="2026-06-08T14:28:29 IST" name="configAC" finished-at="2026-06-08T14:28:30 IST" duration-ms="527" status="PASS">
          <reporter-output>
          </reporter-output>
        </test-method> <!-- configAC -->
      </class> <!-- com.comcast.crm.orgtest.CreateOrganizationTest -->
      <class name="com.comcast.crm.contacttest.CreateContactTest">
        <test-method is-config="true" signature="configBS()[pri:0, instance:com.comcast.crm.contacttest.CreateContactTest@489115ef]" started-at="2026-06-08T14:26:34 IST" name="configBS" finished-at="2026-06-08T14:27:16 IST" duration-ms="42362" status="PASS">
          <reporter-output>
          </reporter-output>
        </test-method> <!-- configBS -->
        <test-method is-config="true" signature="configBC(java.lang.String)[pri:0, instance:com.comcast.crm.contacttest.CreateContactTest@489115ef]" started-at="2026-06-08T14:27:16 IST" name="configBC" finished-at="2026-06-08T14:27:19 IST" duration-ms="2557" status="PASS">
          <params>
            <param index="0">
              <value>
                <![CDATA[chrome]]>
              </value>
            </param>
          </params>
          <reporter-output>
          </reporter-output>
        </test-method> <!-- configBC -->
        <test-method is-config="true" signature="configBM()[pri:0, instance:com.comcast.crm.contacttest.CreateContactTest@489115ef]" started-at="2026-06-08T14:27:19 IST" name="configBM" finished-at="2026-06-08T14:27:25 IST" duration-ms="6431" status="PASS">
          <reporter-output>
          </reporter-output>
        </test-method> <!-- configBM -->
        <test-method signature="createContactTest()[pri:0, instance:com.comcast.crm.contacttest.CreateContactTest@489115ef]" started-at="2026-06-08T14:27:25 IST" name="createContactTest" finished-at="2026-06-08T14:27:31 IST" duration-ms="5606" status="PASS">
          <reporter-output>
          </reporter-output>
        </test-method> <!-- createContactTest -->
        <test-method is-config="true" signature="config()[pri:0, instance:com.comcast.crm.contacttest.CreateContactTest@489115ef]" started-at="2026-06-08T14:27:31 IST" name="config" finished-at="2026-06-08T14:27:32 IST" duration-ms="1302" status="PASS">
          <reporter-output>
          </reporter-output>
        </test-method> <!-- config -->
        <test-method is-config="true" signature="configBM()[pri:0, instance:com.comcast.crm.contacttest.CreateContactTest@489115ef]" started-at="2026-06-08T14:27:32 IST" name="configBM" finished-at="2026-06-08T14:27:34 IST" duration-ms="1552" status="PASS">
          <reporter-output>
          </reporter-output>
        </test-method> <!-- configBM -->
        <test-method signature="createContactWithOrgTest()[pri:0, instance:com.comcast.crm.contacttest.CreateContactTest@489115ef]" started-at="2026-06-08T14:27:34 IST" name="createContactWithOrgTest" finished-at="2026-06-08T14:27:46 IST" duration-ms="12107" status="PASS">
          <reporter-output>
          </reporter-output>
        </test-method> <!-- createContactWithOrgTest -->
        <test-method is-config="true" signature="config()[pri:0, instance:com.comcast.crm.contacttest.CreateContactTest@489115ef]" started-at="2026-06-08T14:27:46 IST" name="config" finished-at="2026-06-08T14:27:47 IST" duration-ms="816" status="PASS">
          <reporter-output>
          </reporter-output>
        </test-method> <!-- config -->
        <test-method is-config="true" signature="configBM()[pri:0, instance:com.comcast.crm.contacttest.CreateContactTest@489115ef]" started-at="2026-06-08T14:27:47 IST" name="configBM" finished-at="2026-06-08T14:27:48 IST" duration-ms="1439" status="PASS">
          <reporter-output>
          </reporter-output>
        </test-method> <!-- configBM -->
        <test-method signature="createContactWithsupportDateTest()[pri:0, instance:com.comcast.crm.contacttest.CreateContactTest@489115ef]" started-at="2026-06-08T14:27:48 IST" name="createContactWithsupportDateTest" finished-at="2026-06-08T14:27:56 IST" duration-ms="8120" status="PASS">
          <reporter-output>
          </reporter-output>
        </test-method> <!-- createContactWithsupportDateTest -->
        <test-method is-config="true" signature="config()[pri:0, instance:com.comcast.crm.contacttest.CreateContactTest@489115ef]" started-at="2026-06-08T14:27:56 IST" name="config" finished-at="2026-06-08T14:27:58 IST" duration-ms="1432" status="PASS">
          <reporter-output>
          </reporter-output>
        </test-method> <!-- config -->
        <test-method is-config="true" signature="configAC()[pri:0, instance:com.comcast.crm.contacttest.CreateContactTest@489115ef]" started-at="2026-06-08T14:27:58 IST" name="configAC" finished-at="2026-06-08T14:27:58 IST" duration-ms="327" status="PASS">
          <reporter-output>
          </reporter-output>
        </test-method> <!-- configAC -->
        <test-method is-config="true" signature="configAS()[pri:0, instance:com.comcast.crm.contacttest.CreateContactTest@489115ef]" started-at="2026-06-08T14:28:30 IST" name="configAS" finished-at="2026-06-08T14:28:30 IST" duration-ms="1" status="PASS">
          <reporter-output>
          </reporter-output>
        </test-method> <!-- configAS -->
      </class> <!-- com.comcast.crm.contacttest.CreateContactTest -->
    </test> <!-- Test -->
  </suite> <!-- Suite -->
</testng-results>
