<?xml version="1.0" encoding="UTF-8"?>
<!-- Generated by org.testng.reporters.JUnitReportReporter -->
<testsuite hostname="DESKTOP-UIBH76A" failures="0" tests="3" name="com.comcast.crm.orgtest.CreateOrganizationTest" time="29.803" errors="0" timestamp="2026-06-08T14:28:30 IST" skipped="0">
  <testcase classname="com.comcast.crm.orgtest.CreateOrganizationTest" name="createOrgWithPhone" time="7.770"/>
  <testcase classname="com.comcast.crm.orgtest.CreateOrganizationTest" name="createOrgWithIndustries" time="12.389"/>
  <testcase classname="com.comcast.crm.orgtest.CreateOrganizationTest" name="createOrg" time="9.644"/>
</testsuite> <!-- com.comcast.crm.orgtest.CreateOrganizationTest -->
