<?xml version="1.0" encoding="UTF-8"?>
<!-- Generated by org.testng.reporters.JUnitReportReporter -->
<testsuite hostname="DESKTOP-UIBH76A" failures="0" tests="3" name="com.comcast.crm.contacttest.CreateContactTest" time="38.805" errors="0" timestamp="2026-06-08T14:28:30 IST" skipped="0">
  <testcase classname="com.comcast.crm.contacttest.CreateContactTest" name="createContactWithOrgTest" time="14.978"/>
  <testcase classname="com.comcast.crm.contacttest.CreateContactTest" name="createContactTest" time="12.853"/>
  <testcase classname="com.comcast.crm.contacttest.CreateContactTest" name="createContactWithsupportDateTest" time="10.974"/>
</testsuite> <!-- com.comcast.crm.contacttest.CreateContactTest -->
