<?xml version="1.0" encoding="UTF-8"?>
<!-- Generated by org.testng.reporters.JUnitXMLReporter -->
<testsuite ignored="0" hostname="DESKTOP-UIBH76A" failures="0" tests="3" name="Default test" time="33.639" errors="0" timestamp="2026-06-08T14:26:22 IST">
  <testcase classname="com.comcast.crm.orgtest.CreateOrganizationTest" name="createOrg" time="9.695"/>
  <testcase classname="com.comcast.crm.orgtest.CreateOrganizationTest" name="createOrgWithIndustries" time="5.122"/>
  <testcase classname="com.comcast.crm.orgtest.CreateOrganizationTest" name="createOrgWithPhone" time="5.405"/>
</testsuite> <!-- Default test -->
