<?xml version="1.0" encoding="UTF-8"?>
<!-- Generated by org.testng.reporters.JUnitXMLReporter -->
<testsuite ignored="0" hostname="DESKTOP-UIBH76A" failures="0" tests="3" name="Test-2" time="37.919" errors="0" timestamp="2026-06-03T12:15:13 IST">
  <testcase classname="com.comcast.crm.orgtest.CreateOrganizationTest" name="createOrg" time="9.175"/>
  <testcase classname="com.comcast.crm.orgtest.CreateOrganizationTest" name="createOrgWithIndustries" time="4.591"/>
  <testcase classname="com.comcast.crm.orgtest.CreateOrganizationTest" name="createOrgWithPhone" time="4.109"/>
</testsuite> <!-- Test-2 -->
