<?xml version="1.0" encoding="UTF-8"?>
<!-- Generated by org.testng.reporters.JUnitXMLReporter -->
<testsuite ignored="2" hostname="DESKTOP-UIBH76A" failures="0" tests="6" name="TestRunner-Chrome" time="123.419" errors="0" timestamp="2026-06-04T10:44:03 IST">
  <testcase classname="com.comcast.crm.contacttest.CreateContactTest" name="createContactTest" time="20.183"/>
  <testcase classname="com.comcast.crm.contacttest.CreateContactTest" name="createContactWithOrgTest" time="14.806"/>
  <testcase classname="com.comcast.crm.contacttest.CreateContactTest" name="createContactWithsupportDateTest" time="12.561"/>
  <testcase classname="com.comcast.crm.orgtest.CreateOrganizationTest" name="createOrg" time="12.575"/>
  <testcase classname="com.comcast.crm.orgtest.CreateOrganizationTest" name="createOrgWithIndustries" time="4.061"/>
  <testcase classname="com.comcast.crm.orgtest.CreateOrganizationTest" name="createOrgWithPhone" time="5.762"/>
  <testcase classname="com.comcast.crm.basetest.BaseClass" name="@BeforeSuite configBS" time="0.0">
    <ignored/>
  </testcase> <!-- @BeforeSuite configBS -->
  <testcase classname="com.comcast.crm.basetest.BaseClass" name="@AfterSuite configAS" time="0.0">
    <ignored/>
  </testcase> <!-- @AfterSuite configAS -->
</testsuite> <!-- TestRunner-Chrome -->
